<?xml version="1.0" encoding="UTF-8"?>
<testsuite xmlns:xsi="http://www.w3.org/2001/XMLSchema-instance" xsi:noNamespaceSchemaLocation="https://maven.apache.org/surefire/maven-surefire-plugin/xsd/surefire-test-report-3.0.xsd" version="3.0" name="network.NetworkTopologyTest" time="0.054" tests="13" errors="0" skipped="0" failures="0">
  <properties>
[...]
</properties>
  <testcase name="testBA(int, int, int)[1]" classname="network.NetworkTopologyTest" time="0.016">
    <system-out><![CDATA[--------------------------------
ノード数: 20
総エッジ数: 40
最大次数: 9
最小次数: 2
平均次数: 4.0

]]></system-out>
  </testcase>
  <testcase name="testBA(int, int, int)[2]" classname="network.NetworkTopologyTest" time="0.001">
    <system-out><![CDATA[--------------------------------
ノード数: 30
総エッジ数: 87
最大次数: 16
最小次数: 3
平均次数: 5.8

]]></system-out>
  </testcase>
  <testcase name="testBA(int, int, int)[3]" classname="network.NetworkTopologyTest" time="0.001">
    <system-out><![CDATA[--------------------------------
ノード数: 25
総エッジ数: 53
最大次数: 17
最小次数: 2
平均次数: 4.24

]]></system-out>
  </testcase>
  <testcase name="testER(int, double)[1]" classname="network.NetworkTopologyTest" time="0.003">
    <system-out><![CDATA[--------------------------------
ノード数: 10
総エッジ数: 13
最大次数: 4
最小次数: 1
平均次数: 2.6

]]></system-out>
  </testcase>
  <testcase name="testER(int, double)[2]" classname="network.NetworkTopologyTest" time="0.001">
    <system-out><![CDATA[--------------------------------
ノード数: 20
総エッジ数: 45
最大次数: 8
最小次数: 2
平均次数: 4.5

]]></system-out>
  </testcase>
  <testcase name="testER(int, double)[3]" classname="network.NetworkTopologyTest" time="0.001">
    <system-out><![CDATA[--------------------------------
ノード数: 30
総エッジ数: 46
最大次数: 6
最小次数: 0
平均次数: 3.066666666666667

]]></system-out>
  </testcase>
  <testcase name="testRR(int, int)[1]" classname="network.NetworkTopologyTest" time="0.002">
    <system-out><![CDATA[--------------------------------
ノード数: 10
総エッジ数: 10
最大次数: 2
最小次数: 2
平均次数: 2.0

]]></system-out>
  </testcase>
  <testcase name="testRR(int, int)[2]" classname="network.NetworkTopologyTest" time="0.001">
    <system-out><![CDATA[--------------------------------
ノード数: 20
総エッジ数: 40
最大次数: 4
最小次数: 4
平均次数: 4.0

]]></system-out>
  </testcase>
  <testcase name="testRR(int, int)[3]" classname="network.NetworkTopologyTest" time="0">
    <system-out><![CDATA[--------------------------------
ノード数: 16
総エッジ数: 24
最大次数: 3
最小次数: 3
平均次数: 3.0

]]></system-out>
  </testcase>
  <testcase name="testERErrorCases" classname="network.NetworkTopologyTest" time="0.002"/>
  <testcase name="testBAErrorCases" classname="network.NetworkTopologyTest" time="0"/>
  <testcase name="testRRErrorCases" classname="network.NetworkTopologyTest" time="0"/>
  <testcase name="testGraphStatistics" classname="network.NetworkTopologyTest" time="0.001">
    <system-out><![CDATA[
=== RRグラフ統計 ===
--------------------------------
ノード数: 20
総エッジ数: 40
最大次数: 4
最小次数: 4
平均次数: 4.0


=== ERグラフ統計 ===
--------------------------------
ノード数: 20
総エッジ数: 36
最大次数: 8
最小次数: 1
平均次数: 3.6


=== BAグラフ統計 ===
--------------------------------
ノード数: 20
総エッジ数: 40
最大次数: 14
最小次数: 2
平均次数: 4.0

]]></system-out>
  </testcase>
</testsuite>